TN:
SF:/Users/mariiavaverova/Desktop/Notes/contracts/Notes.sol
FN:34,onlyWhenActive
FN:40,onlyOwner
FN:45,constructor
FN:55,createNote
FN:75,readNote
FN:83,isSharedWith
FN:96,updateSharingSettings
FN:112,getUserNotes
FN:116,deleteNote
FN:136,pauseContract
FN:140,resumeContract
FN:144,
FNF:12
FNH:11
FNDA:14,onlyWhenActive
FNDA:3,onlyOwner
FNDA:9,constructor
FNDA:8,createNote
FNDA:4,readNote
FNDA:2,isSharedWith
FNDA:1,updateSharingSettings
FNDA:9,getUserNotes
FNDA:2,deleteNote
FNDA:1,pauseContract
FNDA:1,resumeContract
FNDA:0,
DA:35,14
DA:36,13
DA:41,3
DA:42,2
DA:46,9
DA:47,9
DA:56,8
DA:57,8
DA:59,8
DA:60,8
DA:61,8
DA:62,8
DA:63,8
DA:64,8
DA:67,8
DA:68,4
DA:70,8
DA:72,8
DA:76,4
DA:79,4
DA:80,3
DA:84,2
DA:85,1
DA:86,1
DA:89,1
DA:97,1
DA:98,1
DA:100,1
DA:103,1
DA:104,1
DA:105,1
DA:108,1
DA:113,9
DA:117,2
DA:118,2
DA:121,1
DA:124,1
DA:125,1
DA:126,1
DA:127,1
DA:128,1
DA:129,1
DA:133,1
DA:137,1
DA:141,1
DA:145,0
DA:149,0
LF:47
LH:45
BRDA:35,1,0,1
BRDA:35,1,1,13
BRDA:41,2,0,1
BRDA:41,2,1,2
BRDA:55,3,0,8
BRDA:55,3,1,1
BRDA:75,4,0,4
BRDA:75,4,1,0
BRDA:79,5,0,3
BRDA:79,5,1,1
BRDA:79,6,0,2
BRDA:79,6,1,0
BRDA:79,7,0,0
BRDA:79,7,1,1
BRDA:85,8,0,1
BRDA:85,8,1,0
BRDA:96,9,0,1
BRDA:96,9,1,0
BRDA:98,10,0,1
BRDA:98,10,1,0
BRDA:118,11,0,1
BRDA:118,11,1,1
BRDA:126,12,0,1
BRDA:126,12,1,0
BRDA:136,13,0,1
BRDA:136,13,1,1
BRDA:140,14,0,1
BRDA:140,14,1,0
BRF:28
BRH:20
end_of_record
