{
"contracts/Evenmang.sol":{"l":{"40":8,"44":15,"45":0,"47":15,"53":7,"54":7,"55":7,"56":5,"60":7,"62":7,"64":7,"65":7,"66":7,"67":7,"68":7,"70":7,"74":6,"76":6,"77":0,"79":6,"80":0,"83":6,"84":6,"85":6,"89":7,"91":7,"92":1,"94":6,"95":0,"97":6,"98":1,"100":5,"101":0,"104":5,"105":5,"107":5,"108":5,"110":5,"111":1,"114":5,"118":1,"120":1,"121":0,"123":1,"125":1,"126":1,"127":1,"131":1,"132":1,"133":1,"135":1,"136":1,"137":1,"140":1,"145":0,"149":0,"153":1,"156":1,"157":1},"path":"/Users/mariiavaverova/Desktop/Event/contracts/Evenmang.sol","s":{"1":15,"2":7,"3":7,"4":7,"5":6,"6":6,"7":6,"8":7,"9":7,"10":6,"11":6,"12":5,"13":5,"14":5,"15":5,"16":5,"17":1,"18":1,"19":1,"20":1,"21":1,"22":1,"23":1,"24":1,"25":1,"26":1,"27":1,"28":0,"29":1,"30":1,"31":1},"b":{"1":[0,15],"2":[7,0],"3":[7,0],"4":[6,0],"5":[0,6],"6":[0,6],"7":[7,0],"8":[1,6],"9":[0,6],"10":[1,5],"11":[0,5],"12":[5,0],"13":[1,4],"14":[1,0],"15":[1,0],"16":[0,1],"17":[1,0],"18":[1,0],"19":[1,0]},"f":{"1":8,"2":15,"3":7,"4":7,"5":6,"6":7,"7":1,"8":1,"9":0,"10":1},"fnMap":{"1":{"name":"constructor","line":39,"loc":{"start":{"line":39,"column":4},"end":{"line":41,"column":4}}},"2":{"name":"onlyCreator","line":43,"loc":{"start":{"line":43,"column":4},"end":{"line":48,"column":4}}},"3":{"name":"noReentrancy","line":52,"loc":{"start":{"line":52,"column":4},"end":{"line":57,"column":4}}},"4":{"name":"createEvent","line":59,"loc":{"start":{"line":59,"column":4},"end":{"line":71,"column":4}}},"5":{"name":"openRegistration","line":73,"loc":{"start":{"line":73,"column":3},"end":{"line":86,"column":4}}},"6":{"name":"participantRegistration","line":88,"loc":{"start":{"line":88,"column":4},"end":{"line":115,"column":0}}},"7":{"name":"closeRegistration","line":117,"loc":{"start":{"line":117,"column":4},"end":{"line":128,"column":4}}},"8":{"name":"getParticipants","line":130,"loc":{"start":{"line":130,"column":3},"end":{"line":141,"column":4}}},"9":{"name":null,"line":148,"loc":{"start":{"line":148,"column":4},"end":{"line":150,"column":4}}},"10":{"name":"withdrawPayments","line":152,"loc":{"start":{"line":152,"column":0},"end":{"line":158,"column":0}}}},"statementMap":{"1":{"start":{"line":44,"column":8},"end":{"line":44,"column":1460}},"2":{"start":{"line":53,"column":5},"end":{"line":53,"column":55}},"3":{"start":{"line":62,"column":8},"end":{"line":62,"column":53}},"4":{"start":{"line":70,"column":8},"end":{"line":70,"column":27}},"5":{"start":{"line":74,"column":4},"end":{"line":74,"column":49}},"6":{"start":{"line":76,"column":4},"end":{"line":76,"column":2451}},"7":{"start":{"line":79,"column":4},"end":{"line":79,"column":2580}},"8":{"start":{"line":89,"column":4},"end":{"line":89,"column":49}},"9":{"start":{"line":91,"column":4},"end":{"line":91,"column":3025}},"10":{"start":{"line":94,"column":4},"end":{"line":94,"column":3136}},"11":{"start":{"line":97,"column":4},"end":{"line":97,"column":3264}},"12":{"start":{"line":100,"column":4},"end":{"line":100,"column":3405}},"13":{"start":{"line":104,"column":4},"end":{"line":104,"column":59}},"14":{"start":{"line":105,"column":4},"end":{"line":105,"column":78}},"15":{"start":{"line":108,"column":4},"end":{"line":108,"column":51}},"16":{"start":{"line":110,"column":4},"end":{"line":110,"column":3839}},"17":{"start":{"line":118,"column":8},"end":{"line":118,"column":53}},"18":{"start":{"line":120,"column":4},"end":{"line":120,"column":4185}},"19":{"start":{"line":125,"column":4},"end":{"line":125,"column":55}},"20":{"start":{"line":126,"column":4},"end":{"line":126,"column":75}},"21":{"start":{"line":127,"column":5},"end":{"line":127,"column":89}},"22":{"start":{"line":131,"column":8},"end":{"line":131,"column":53}},"23":{"start":{"line":132,"column":8},"end":{"line":132,"column":73}},"24":{"start":{"line":133,"column":8},"end":{"line":133,"column":62}},"25":{"start":{"line":135,"column":8},"end":{"line":135,"column":4896}},"26":{"start":{"line":136,"column":12},"end":{"line":136,"column":75}},"27":{"start":{"line":140,"column":8},"end":{"line":140,"column":55}},"28":{"start":{"line":149,"column":8},"end":{"line":149,"column":63}},"29":{"start":{"line":153,"column":4},"end":{"line":153,"column":67}},"30":{"start":{"line":156,"column":4},"end":{"line":156,"column":54}},"31":{"start":{"line":157,"column":4},"end":{"line":157,"column":38}}},"branchMap":{"1":{"line":44,"type":"if","locations":[{"start":{"line":44,"column":8},"end":{"line":44,"column":8}},{"start":{"line":44,"column":8},"end":{"line":44,"column":8}}]},"2":{"line":53,"type":"if","locations":[{"start":{"line":53,"column":5},"end":{"line":53,"column":5}},{"start":{"line":53,"column":5},"end":{"line":53,"column":5}}]},"3":{"line":59,"type":"if","locations":[{"start":{"line":59,"column":102},"end":{"line":59,"column":102}},{"start":{"line":59,"column":102},"end":{"line":59,"column":102}}]},"4":{"line":73,"type":"if","locations":[{"start":{"line":73,"column":85},"end":{"line":73,"column":85}},{"start":{"line":73,"column":85},"end":{"line":73,"column":85}}]},"5":{"line":76,"type":"if","locations":[{"start":{"line":76,"column":4},"end":{"line":76,"column":4}},{"start":{"line":76,"column":4},"end":{"line":76,"column":4}}]},"6":{"line":79,"type":"if","locations":[{"start":{"line":79,"column":4},"end":{"line":79,"column":4}},{"start":{"line":79,"column":4},"end":{"line":79,"column":4}}]},"7":{"line":88,"type":"if","locations":[{"start":{"line":88,"column":93},"end":{"line":88,"column":93}},{"start":{"line":88,"column":93},"end":{"line":88,"column":93}}]},"8":{"line":91,"type":"if","locations":[{"start":{"line":91,"column":4},"end":{"line":91,"column":4}},{"start":{"line":91,"column":4},"end":{"line":91,"column":4}}]},"9":{"line":94,"type":"if","locations":[{"start":{"line":94,"column":4},"end":{"line":94,"column":4}},{"start":{"line":94,"column":4},"end":{"line":94,"column":4}}]},"10":{"line":97,"type":"if","locations":[{"start":{"line":97,"column":4},"end":{"line":97,"column":4}},{"start":{"line":97,"column":4},"end":{"line":97,"column":4}}]},"11":{"line":100,"type":"if","locations":[{"start":{"line":100,"column":4},"end":{"line":100,"column":4}},{"start":{"line":100,"column":4},"end":{"line":100,"column":4}}]},"12":{"line":105,"type":"if","locations":[{"start":{"line":105,"column":4},"end":{"line":105,"column":4}},{"start":{"line":105,"column":4},"end":{"line":105,"column":4}}]},"13":{"line":110,"type":"if","locations":[{"start":{"line":110,"column":4},"end":{"line":110,"column":4}},{"start":{"line":110,"column":4},"end":{"line":110,"column":4}}]},"14":{"line":110,"type":"cond-expr","locations":[{"start":{"line":110,"column":8},"end":{"line":110,"column":49}},{"start":{"line":110,"column":54},"end":{"line":110,"column":104}}]},"15":{"line":117,"type":"if","locations":[{"start":{"line":117,"column":57},"end":{"line":117,"column":57}},{"start":{"line":117,"column":57},"end":{"line":117,"column":57}}]},"16":{"line":120,"type":"if","locations":[{"start":{"line":120,"column":4},"end":{"line":120,"column":4}},{"start":{"line":120,"column":4},"end":{"line":120,"column":4}}]},"17":{"line":152,"type":"if","locations":[{"start":{"line":152,"column":49},"end":{"line":152,"column":49}},{"start":{"line":152,"column":49},"end":{"line":152,"column":49}}]},"18":{"line":153,"type":"if","locations":[{"start":{"line":153,"column":4},"end":{"line":153,"column":4}},{"start":{"line":153,"column":4},"end":{"line":153,"column":4}}]},"19":{"line":157,"type":"if","locations":[{"start":{"line":157,"column":4},"end":{"line":157,"column":4}},{"start":{"line":157,"column":4},"end":{"line":157,"column":4}}]}}}}
