TN:
SF:/Users/mariiavaverova/Desktop/Event/contracts/Evenmang.sol
FN:39,constructor
FN:43,onlyCreator
FN:52,noReentrancy
FN:59,createEvent
FN:73,openRegistration
FN:88,participantRegistration
FN:117,closeRegistration
FN:130,getParticipants
FN:148,
FN:152,withdrawPayments
FNF:10
FNH:9
FNDA:8,constructor
FNDA:15,onlyCreator
FNDA:7,noReentrancy
FNDA:7,createEvent
FNDA:6,openRegistration
FNDA:7,participantRegistration
FNDA:1,closeRegistration
FNDA:1,getParticipants
FNDA:0,
FNDA:1,withdrawPayments
DA:40,8
DA:44,15
DA:45,0
DA:47,15
DA:53,7
DA:54,7
DA:55,7
DA:56,5
DA:60,7
DA:62,7
DA:64,7
DA:65,7
DA:66,7
DA:67,7
DA:68,7
DA:70,7
DA:74,6
DA:76,6
DA:77,0
DA:79,6
DA:80,0
DA:83,6
DA:84,6
DA:85,6
DA:89,7
DA:91,7
DA:92,1
DA:94,6
DA:95,0
DA:97,6
DA:98,1
DA:100,5
DA:101,0
DA:104,5
DA:105,5
DA:107,5
DA:108,5
DA:110,5
DA:111,1
DA:114,5
DA:118,1
DA:120,1
DA:121,0
DA:123,1
DA:125,1
DA:126,1
DA:127,1
DA:131,1
DA:132,1
DA:133,1
DA:135,1
DA:136,1
DA:137,1
DA:140,1
DA:145,0
DA:149,0
DA:153,1
DA:156,1
DA:157,1
LF:59
LH:51
BRDA:44,1,0,0
BRDA:44,1,1,15
BRDA:53,2,0,7
BRDA:53,2,1,0
BRDA:59,3,0,7
BRDA:59,3,1,0
BRDA:73,4,0,6
BRDA:73,4,1,0
BRDA:76,5,0,0
BRDA:76,5,1,6
BRDA:79,6,0,0
BRDA:79,6,1,6
BRDA:88,7,0,7
BRDA:88,7,1,0
BRDA:91,8,0,1
BRDA:91,8,1,6
BRDA:94,9,0,0
BRDA:94,9,1,6
BRDA:97,10,0,1
BRDA:97,10,1,5
BRDA:100,11,0,0
BRDA:100,11,1,5
BRDA:105,12,0,5
BRDA:105,12,1,0
BRDA:110,13,0,1
BRDA:110,13,1,4
BRDA:110,14,0,1
BRDA:110,14,1,0
BRDA:117,15,0,1
BRDA:117,15,1,0
BRDA:120,16,0,0
BRDA:120,16,1,1
BRDA:152,17,0,1
BRDA:152,17,1,0
BRDA:153,18,0,1
BRDA:153,18,1,0
BRDA:157,19,0,1
BRDA:157,19,1,0
BRF:38
BRH:22
end_of_record
