{"contracts/Notes.sol":{"l":{"35":14,"36":13,"41":3,"42":2,"46":9,"47":9,"56":8,"57":8,"59":8,"60":8,"61":8,"62":8,"63":8,"64":8,"67":8,"68":4,"70":8,"72":8,"76":4,"79":4,"80":3,"84":2,"85":1,"86":1,"89":1,"97":1,"98":1,"100":1,"103":1,"104":1,"105":1,"108":1,"113":9,"117":2,"118":2,"121":1,"124":1,"125":1,"126":1,"127":1,"128":1,"129":1,"133":1,"137":1,"141":1,"145":0,"149":0},"path":"/Users/mariiavaverova/Desktop/Notes/contracts/Notes.sol","s":{"1":14,"2":3,"3":8,"4":8,"5":8,"6":4,"7":8,"8":8,"9":4,"10":4,"11":3,"12":2,"13":1,"14":1,"15":1,"16":1,"17":1,"18":1,"19":1,"20":1,"21":9,"22":2,"23":2,"24":1,"25":1,"26":1,"27":1,"28":1,"29":0},"b":{"1":[1,13],"2":[1,2],"3":[8,1],"4":[4,0],"5":[3,1],"6":[2,0],"7":[0,1],"8":[1,0],"9":[1,0],"10":[1,0],"11":[1,1],"12":[1,0],"13":[1,1],"14":[1,0]},"f":{"1":14,"2":3,"3":9,"4":8,"5":4,"6":2,"7":1,"8":9,"9":2,"10":1,"11":1,"12":0},"fnMap":{"1":{"name":"onlyWhenActive","line":34,"loc":{"start":{"line":34,"column":4},"end":{"line":37,"column":0}}},"2":{"name":"onlyOwner","line":40,"loc":{"start":{"line":40,"column":4},"end":{"line":43,"column":0}}},"3":{"name":"constructor","line":45,"loc":{"start":{"line":45,"column":4},"end":{"line":48,"column":4}}},"4":{"name":"createNote","line":55,"loc":{"start":{"line":50,"column":4},"end":{"line":73,"column":4}}},"5":{"name":"readNote","line":75,"loc":{"start":{"line":75,"column":4},"end":{"line":81,"column":4}}},"6":{"name":"isSharedWith","line":83,"loc":{"start":{"line":83,"column":4},"end":{"line":90,"column":4}}},"7":{"name":"updateSharingSettings","line":96,"loc":{"start":{"line":92,"column":4},"end":{"line":109,"column":4}}},"8":{"name":"getUserNotes","line":112,"loc":{"start":{"line":112,"column":4},"end":{"line":114,"column":4}}},"9":{"name":"deleteNote","line":116,"loc":{"start":{"line":116,"column":4},"end":{"line":134,"column":4}}},"10":{"name":"pauseContract","line":136,"loc":{"start":{"line":136,"column":5},"end":{"line":138,"column":4}}},"11":{"name":"resumeContract","line":140,"loc":{"start":{"line":140,"column":4},"end":{"line":142,"column":4}}},"12":{"name":null,"line":144,"loc":{"start":{"line":144,"column":4},"end":{"line":146,"column":0}}}},"statementMap":{"1":{"start":{"line":35,"column":10},"end":{"line":35,"column":68}},"2":{"start":{"line":41,"column":7},"end":{"line":41,"column":49}},"3":{"start":{"line":56,"column":7},"end":{"line":56,"column":56}},"4":{"start":{"line":57,"column":8},"end":{"line":57,"column":44}},"5":{"start":{"line":67,"column":8},"end":{"line":67,"column":1970}},"6":{"start":{"line":68,"column":12},"end":{"line":68,"column":50}},"7":{"start":{"line":70,"column":8},"end":{"line":70,"column":41}},"8":{"start":{"line":72,"column":8},"end":{"line":72,"column":44}},"9":{"start":{"line":76,"column":8},"end":{"line":76,"column":42}},"10":{"start":{"line":79,"column":8},"end":{"line":79,"column":108}},"11":{"start":{"line":80,"column":8},"end":{"line":80,"column":62}},"12":{"start":{"line":84,"column":8},"end":{"line":84,"column":2732}},"13":{"start":{"line":85,"column":12},"end":{"line":85,"column":2803}},"14":{"start":{"line":86,"column":16},"end":{"line":86,"column":27}},"15":{"start":{"line":89,"column":8},"end":{"line":89,"column":20}},"16":{"start":{"line":97,"column":8},"end":{"line":97,"column":42}},"17":{"start":{"line":98,"column":8},"end":{"line":98,"column":86}},"18":{"start":{"line":104,"column":8},"end":{"line":104,"column":3364}},"19":{"start":{"line":105,"column":12},"end":{"line":105,"column":50}},"20":{"start":{"line":108,"column":8},"end":{"line":108,"column":33}},"21":{"start":{"line":113,"column":8},"end":{"line":113,"column":31}},"22":{"start":{"line":117,"column":8},"end":{"line":117,"column":42}},"23":{"start":{"line":118,"column":8},"end":{"line":118,"column":79}},"24":{"start":{"line":124,"column":8},"end":{"line":124,"column":61}},"25":{"start":{"line":125,"column":8},"end":{"line":125,"column":4084}},"26":{"start":{"line":126,"column":12},"end":{"line":126,"column":4151}},"27":{"start":{"line":128,"column":16},"end":{"line":128,"column":32}},"28":{"start":{"line":133,"column":8},"end":{"line":133,"column":33}},"29":{"start":{"line":145,"column":4},"end":{"line":145,"column":43}}},"branchMap":{"1":{"line":35,"type":"if","locations":[{"start":{"line":35,"column":10},"end":{"line":35,"column":10}},{"start":{"line":35,"column":10},"end":{"line":35,"column":10}}]},"2":{"line":41,"type":"if","locations":[{"start":{"line":41,"column":7},"end":{"line":41,"column":7}},{"start":{"line":41,"column":7},"end":{"line":41,"column":7}}]},"3":{"line":55,"type":"if","locations":[{"start":{"line":55,"column":13},"end":{"line":55,"column":13}},{"start":{"line":55,"column":13},"end":{"line":55,"column":13}}]},"4":{"line":75,"type":"if","locations":[{"start":{"line":75,"column":51},"end":{"line":75,"column":51}},{"start":{"line":75,"column":51},"end":{"line":75,"column":51}}]},"5":{"line":79,"type":"if","locations":[{"start":{"line":79,"column":8},"end":{"line":79,"column":8}},{"start":{"line":79,"column":8},"end":{"line":79,"column":8}}]},"6":{"line":79,"type":"cond-expr","locations":[{"start":{"line":79,"column":16},"end":{"line":79,"column":28}},{"start":{"line":79,"column":33},"end":{"line":79,"column":56}}]},"7":{"line":79,"type":"cond-expr","locations":[{"start":{"line":79,"column":16},"end":{"line":79,"column":56}},{"start":{"line":79,"column":61},"end":{"line":79,"column":90}}]},"8":{"line":85,"type":"if","locations":[{"start":{"line":85,"column":12},"end":{"line":85,"column":12}},{"start":{"line":85,"column":12},"end":{"line":85,"column":12}}]},"9":{"line":96,"type":"if","locations":[{"start":{"line":96,"column":13},"end":{"line":96,"column":13}},{"start":{"line":96,"column":13},"end":{"line":96,"column":13}}]},"10":{"line":98,"type":"if","locations":[{"start":{"line":98,"column":8},"end":{"line":98,"column":8}},{"start":{"line":98,"column":8},"end":{"line":98,"column":8}}]},"11":{"line":118,"type":"if","locations":[{"start":{"line":118,"column":8},"end":{"line":118,"column":8}},{"start":{"line":118,"column":8},"end":{"line":118,"column":8}}]},"12":{"line":126,"type":"if","locations":[{"start":{"line":126,"column":12},"end":{"line":126,"column":12}},{"start":{"line":126,"column":12},"end":{"line":126,"column":12}}]},"13":{"line":136,"type":"if","locations":[{"start":{"line":136,"column":37},"end":{"line":136,"column":37}},{"start":{"line":136,"column":37},"end":{"line":136,"column":37}}]},"14":{"line":140,"type":"if","locations":[{"start":{"line":140,"column":37},"end":{"line":140,"column":37}},{"start":{"line":140,"column":37},"end":{"line":140,"column":37}}]}}}}